{
  "RSpec": {
    "coverage": {
      "/Users/kavitakalaichelvan/harrypotterkata/spec/calculator_spec.rb": [
        1,
        null,
        1,
        13,
        null,
        1,
        1,
        1,
        1,
        null,
        null,
        1,
        1,
        1,
        1,
        1,
        1,
        null,
        null,
        1,
        1,
        1,
        1,
        1,
        null,
        null,
        null,
        1,
        null,
        1,
        1,
        null,
        null,
        1,
        1,
        null,
        null,
        1,
        1,
        null,
        null,
        1,
        1,
        null,
        null,
        null,
        1,
        null,
        1,
        1,
        null,
        null,
        1,
        1,
        null,
        null,
        1,
        1,
        null,
        null,
        1,
        1,
        null,
        null,
        null,
        null,
        1,
        null,
        1,
        1,
        1,
        null,
        1,
        null,
        null,
        null,
        null,
        null
      ],
      "/Users/kavitakalaichelvan/harrypotterkata/lib/calculator.rb": [
        1,
        1,
        null,
        1,
        1,
        null,
        1,
        12,
        12,
        null,
        null,
        1,
        21,
        10,
        null,
        null,
        1,
        null,
        1,
        11,
        null,
        null,
        1,
        11,
        11,
        null,
        null,
        1,
        10,
        null,
        null,
        1,
        62,
        null,
        null
      ],
      "/Users/kavitakalaichelvan/harrypotterkata/lib/maximum_discount_finder.rb": [
        1,
        null,
        1,
        1,
        null,
        1,
        23,
        23,
        null,
        23,
        43,
        43,
        215,
        null,
        null,
        null,
        23,
        null,
        null,
        1,
        null,
        1,
        23,
        115,
        null,
        null,
        null
      ],
      "/Users/kavitakalaichelvan/harrypotterkata/lib/discountable_set_list.rb": [
        1,
        1,
        null,
        1,
        28,
        null,
        null,
        1,
        27,
        27,
        null,
        null,
        1,
        null,
        1,
        27,
        null,
        null,
        1,
        10,
        null,
        null,
        1,
        10,
        null,
        10,
        13,
        13,
        13,
        null,
        null,
        null,
        1,
        13,
        13,
        null,
        null,
        1,
        13,
        null,
        null
      ],
      "/Users/kavitakalaichelvan/harrypotterkata/lib/discount_calculator.rb": [
        1,
        1,
        null,
        1,
        null,
        34,
        19,
        null,
        null,
        1,
        null,
        1,
        34,
        26,
        21,
        18,
        4,
        null,
        null
      ],
      "/Users/kavitakalaichelvan/harrypotterkata/spec/discount_calculator_spec.rb": [
        1,
        null,
        1,
        3,
        null,
        1,
        1,
        1,
        1,
        1,
        1,
        1,
        null,
        null,
        1,
        1,
        1,
        1,
        null,
        null,
        null,
        null
      ],
      "/Users/kavitakalaichelvan/harrypotterkata/spec/discountable_set_list_spec.rb": [
        1,
        null,
        1,
        6,
        null,
        1,
        1,
        1,
        null,
        null,
        1,
        1,
        1,
        null,
        null,
        1,
        1,
        1,
        null,
        null,
        1,
        1,
        1,
        null,
        null,
        1,
        1,
        1,
        null,
        null,
        null,
        null
      ],
      "/Users/kavitakalaichelvan/harrypotterkata/spec/maximum_discount_finder_spec.rb": [
        1,
        null,
        1,
        4,
        null,
        1,
        1,
        1,
        1,
        1,
        1,
        1,
        1,
        null,
        null,
        null,
        1,
        1,
        1,
        1,
        1,
        null,
        null,
        null,
        1,
        1,
        1,
        1,
        1,
        null,
        null,
        null,
        null
      ]
    },
    "timestamp": 1505129581
  }
}
