{
  "RSpec": {
    "coverage": {
      "/Users/kavitakalaichelvan/harrypotterkata/spec/discount_calculator_spec.rb": [
        1,
        null,
        1,
        3,
        null,
        1,
        1,
        1,
        1,
        1,
        1,
        1,
        null,
        null,
        1,
        1,
        1,
        1,
        null,
        null,
        null
      ],
      "/Users/kavitakalaichelvan/harrypotterkata/lib/discount_calculator.rb": [
        1,
        1,
        1,
        null,
        1,
        null,
        53,
        53,
        28,
        null,
        null,
        1,
        null,
        1,
        106,
        null,
        null
      ],
      "/Users/kavitakalaichelvan/harrypotterkata/spec/discountable_set_list_spec.rb": [
        1,
        null,
        1,
        6,
        null,
        1,
        1,
        1,
        null,
        null,
        1,
        1,
        1,
        null,
        null,
        1,
        1,
        1,
        null,
        null,
        1,
        1,
        1,
        null,
        null,
        1,
        1,
        1,
        null,
        null,
        null
      ],
      "/Users/kavitakalaichelvan/harrypotterkata/lib/discountable_set_list.rb": [
        1,
        1,
        null,
        1,
        37,
        null,
        null,
        1,
        36,
        36,
        null,
        null,
        1,
        null,
        1,
        36,
        null,
        null,
        1,
        10,
        null,
        null,
        1,
        10,
        null,
        10,
        13,
        13,
        13,
        null,
        null,
        null,
        1,
        13,
        13,
        null,
        null,
        1,
        13,
        null,
        null
      ],
      "/Users/kavitakalaichelvan/harrypotterkata/spec/maximum_discount_finder_spec.rb": [
        1,
        null,
        1,
        4,
        null,
        1,
        1,
        1,
        1,
        1,
        1,
        1,
        1,
        null,
        null,
        null,
        1,
        1,
        1,
        1,
        1,
        null,
        null,
        null,
        1,
        1,
        1,
        1,
        1,
        null,
        null,
        null
      ],
      "/Users/kavitakalaichelvan/harrypotterkata/lib/maximum_discount_finder.rb": [
        1,
        null,
        1,
        1,
        null,
        1,
        32,
        32,
        null,
        32,
        62,
        62,
        310,
        null,
        null,
        null,
        32,
        null,
        null,
        1,
        null,
        1,
        32,
        160,
        null,
        null,
        null
      ],
      "/Users/kavitakalaichelvan/harrypotterkata/spec/price_calculator_spec.rb": [
        1,
        null,
        1,
        13,
        null,
        1,
        1,
        1,
        1,
        null,
        null,
        1,
        1,
        1,
        1,
        1,
        1,
        null,
        null,
        1,
        1,
        1,
        1,
        1,
        null,
        null,
        null,
        1,
        1,
        1,
        null,
        null,
        1,
        1,
        null,
        null,
        1,
        1,
        null,
        null,
        1,
        1,
        null,
        null,
        null,
        1,
        1,
        1,
        null,
        null,
        1,
        1,
        null,
        null,
        1,
        1,
        null,
        null,
        1,
        1,
        null,
        null,
        null,
        1,
        1,
        1,
        1,
        null,
        1,
        null,
        null,
        null
      ],
      "/Users/kavitakalaichelvan/harrypotterkata/lib/price_calculator.rb": [
        1,
        1,
        null,
        1,
        1,
        null,
        1,
        12,
        12,
        null,
        null,
        1,
        21,
        20,
        null,
        null,
        1,
        null,
        1,
        20,
        20,
        null,
        null,
        1,
        20,
        null,
        null,
        null,
        null,
        null,
        null,
        null,
        null,
        null,
        null
      ]
    },
    "timestamp": 1505148632
  }
}
